{"/mnt/c/Users/djein/OneDrive/Documents/Senior-Classes/CSE-120/Project_Prototypes/Biology-Virus-AI-Game/public/ai.js": {"path":"/mnt/c/Users/djein/OneDrive/Documents/Senior-Classes/CSE-120/Project_Prototypes/Biology-Virus-AI-Game/public/ai.js","all":false,"statementMap":{"0":{"start":{"line":1,"column":0},"end":{"line":1,"column":57}},"1":{"start":{"line":2,"column":0},"end":{"line":2,"column":53}},"2":{"start":{"line":3,"column":0},"end":{"line":3,"column":54}},"3":{"start":{"line":4,"column":0},"end":{"line":4,"column":57}},"5":{"start":{"line":6,"column":0},"end":{"line":6,"column":38}},"7":{"start":{"line":8,"column":0},"end":{"line":8,"column":119}},"8":{"start":{"line":9,"column":0},"end":{"line":9,"column":87}},"9":{"start":{"line":10,"column":0},"end":{"line":10,"column":100}},"11":{"start":{"line":12,"column":0},"end":{"line":12,"column":27}},"12":{"start":{"line":13,"column":0},"end":{"line":13,"column":86}},"13":{"start":{"line":14,"column":0},"end":{"line":14,"column":53}},"14":{"start":{"line":15,"column":0},"end":{"line":15,"column":95}},"15":{"start":{"line":16,"column":0},"end":{"line":16,"column":75}},"16":{"start":{"line":17,"column":0},"end":{"line":17,"column":59}},"17":{"start":{"line":18,"column":0},"end":{"line":18,"column":74}},"18":{"start":{"line":19,"column":0},"end":{"line":19,"column":95}},"19":{"start":{"line":20,"column":0},"end":{"line":20,"column":2}},"21":{"start":{"line":22,"column":0},"end":{"line":22,"column":42}},"22":{"start":{"line":23,"column":0},"end":{"line":23,"column":30}},"23":{"start":{"line":24,"column":0},"end":{"line":24,"column":166}},"24":{"start":{"line":25,"column":0},"end":{"line":25,"column":182}},"25":{"start":{"line":26,"column":0},"end":{"line":26,"column":169}},"26":{"start":{"line":27,"column":0},"end":{"line":27,"column":178}},"27":{"start":{"line":28,"column":0},"end":{"line":28,"column":160}},"28":{"start":{"line":29,"column":0},"end":{"line":29,"column":164}},"29":{"start":{"line":30,"column":0},"end":{"line":30,"column":165}},"30":{"start":{"line":31,"column":0},"end":{"line":31,"column":2}},"32":{"start":{"line":33,"column":0},"end":{"line":33,"column":49}},"34":{"start":{"line":35,"column":0},"end":{"line":35,"column":34}},"35":{"start":{"line":36,"column":0},"end":{"line":36,"column":15}},"36":{"start":{"line":37,"column":0},"end":{"line":37,"column":31}},"37":{"start":{"line":38,"column":0},"end":{"line":38,"column":33}},"38":{"start":{"line":39,"column":0},"end":{"line":39,"column":62}},"39":{"start":{"line":40,"column":0},"end":{"line":40,"column":56}},"40":{"start":{"line":41,"column":0},"end":{"line":41,"column":38}},"41":{"start":{"line":42,"column":0},"end":{"line":42,"column":11}},"42":{"start":{"line":43,"column":0},"end":{"line":43,"column":1}},"44":{"start":{"line":45,"column":0},"end":{"line":45,"column":32}},"45":{"start":{"line":46,"column":0},"end":{"line":46,"column":20}},"46":{"start":{"line":47,"column":0},"end":{"line":47,"column":23}},"47":{"start":{"line":48,"column":0},"end":{"line":48,"column":70}},"48":{"start":{"line":49,"column":0},"end":{"line":49,"column":27}},"49":{"start":{"line":50,"column":0},"end":{"line":50,"column":90}},"50":{"start":{"line":51,"column":0},"end":{"line":51,"column":4}},"51":{"start":{"line":52,"column":0},"end":{"line":52,"column":45}},"52":{"start":{"line":53,"column":0},"end":{"line":53,"column":9}},"53":{"start":{"line":54,"column":0},"end":{"line":54,"column":41}},"54":{"start":{"line":55,"column":0},"end":{"line":55,"column":17}},"55":{"start":{"line":56,"column":0},"end":{"line":56,"column":58}},"56":{"start":{"line":57,"column":0},"end":{"line":57,"column":5}},"57":{"start":{"line":58,"column":0},"end":{"line":58,"column":3}},"58":{"start":{"line":59,"column":0},"end":{"line":59,"column":70}},"59":{"start":{"line":60,"column":0},"end":{"line":60,"column":65}},"60":{"start":{"line":61,"column":0},"end":{"line":61,"column":1}},"62":{"start":{"line":63,"column":0},"end":{"line":63,"column":22}},"64":{"start":{"line":65,"column":0},"end":{"line":65,"column":56}},"65":{"start":{"line":66,"column":0},"end":{"line":66,"column":45}},"66":{"start":{"line":67,"column":0},"end":{"line":67,"column":19}},"67":{"start":{"line":68,"column":0},"end":{"line":68,"column":52}},"68":{"start":{"line":69,"column":0},"end":{"line":69,"column":26}},"69":{"start":{"line":70,"column":0},"end":{"line":70,"column":22}},"70":{"start":{"line":71,"column":0},"end":{"line":71,"column":17}},"71":{"start":{"line":72,"column":0},"end":{"line":72,"column":51}},"72":{"start":{"line":73,"column":0},"end":{"line":73,"column":92}},"73":{"start":{"line":74,"column":0},"end":{"line":74,"column":8}},"74":{"start":{"line":75,"column":0},"end":{"line":75,"column":28}},"75":{"start":{"line":76,"column":0},"end":{"line":76,"column":22}},"76":{"start":{"line":77,"column":0},"end":{"line":77,"column":6}},"77":{"start":{"line":78,"column":0},"end":{"line":78,"column":5}},"79":{"start":{"line":80,"column":0},"end":{"line":80,"column":32}},"80":{"start":{"line":81,"column":0},"end":{"line":81,"column":46}},"82":{"start":{"line":83,"column":0},"end":{"line":83,"column":51}},"83":{"start":{"line":84,"column":0},"end":{"line":84,"column":55}},"85":{"start":{"line":86,"column":0},"end":{"line":86,"column":28}},"86":{"start":{"line":87,"column":0},"end":{"line":87,"column":31}},"87":{"start":{"line":88,"column":0},"end":{"line":88,"column":47}},"88":{"start":{"line":89,"column":0},"end":{"line":89,"column":65}},"89":{"start":{"line":90,"column":0},"end":{"line":90,"column":3}},"90":{"start":{"line":91,"column":0},"end":{"line":91,"column":93}},"92":{"start":{"line":93,"column":0},"end":{"line":93,"column":27}},"93":{"start":{"line":94,"column":0},"end":{"line":94,"column":1}},"95":{"start":{"line":96,"column":0},"end":{"line":96,"column":24}},"97":{"start":{"line":98,"column":0},"end":{"line":98,"column":36}},"98":{"start":{"line":99,"column":0},"end":{"line":99,"column":58}},"99":{"start":{"line":100,"column":0},"end":{"line":100,"column":154}},"100":{"start":{"line":101,"column":0},"end":{"line":101,"column":81}},"102":{"start":{"line":103,"column":0},"end":{"line":103,"column":38}},"103":{"start":{"line":104,"column":0},"end":{"line":104,"column":1}},"104":{"start":{"line":105,"column":0},"end":{"line":105,"column":48}},"105":{"start":{"line":106,"column":0},"end":{"line":106,"column":62}},"106":{"start":{"line":107,"column":0},"end":{"line":107,"column":73}},"107":{"start":{"line":108,"column":0},"end":{"line":108,"column":51}},"108":{"start":{"line":109,"column":0},"end":{"line":109,"column":57}},"109":{"start":{"line":110,"column":0},"end":{"line":110,"column":42}},"110":{"start":{"line":111,"column":0},"end":{"line":111,"column":67}},"111":{"start":{"line":112,"column":0},"end":{"line":112,"column":53}},"112":{"start":{"line":113,"column":0},"end":{"line":113,"column":38}},"113":{"start":{"line":114,"column":0},"end":{"line":114,"column":79}},"114":{"start":{"line":115,"column":0},"end":{"line":115,"column":106}},"115":{"start":{"line":116,"column":0},"end":{"line":116,"column":3}},"116":{"start":{"line":117,"column":0},"end":{"line":117,"column":1}},"118":{"start":{"line":119,"column":0},"end":{"line":119,"column":75}},"119":{"start":{"line":120,"column":0},"end":{"line":120,"column":55}},"120":{"start":{"line":121,"column":0},"end":{"line":121,"column":72}},"122":{"start":{"line":123,"column":0},"end":{"line":123,"column":39}},"123":{"start":{"line":124,"column":0},"end":{"line":124,"column":72}},"124":{"start":{"line":125,"column":0},"end":{"line":125,"column":91}},"125":{"start":{"line":126,"column":0},"end":{"line":126,"column":9}},"127":{"start":{"line":128,"column":0},"end":{"line":128,"column":100}},"129":{"start":{"line":130,"column":0},"end":{"line":130,"column":17}},"130":{"start":{"line":131,"column":0},"end":{"line":131,"column":96}},"131":{"start":{"line":132,"column":0},"end":{"line":132,"column":54}},"132":{"start":{"line":133,"column":0},"end":{"line":133,"column":46}},"133":{"start":{"line":134,"column":0},"end":{"line":134,"column":34}},"134":{"start":{"line":135,"column":0},"end":{"line":135,"column":45}},"135":{"start":{"line":136,"column":0},"end":{"line":136,"column":13}},"137":{"start":{"line":138,"column":0},"end":{"line":138,"column":13}},"138":{"start":{"line":139,"column":0},"end":{"line":139,"column":71}},"139":{"start":{"line":140,"column":0},"end":{"line":140,"column":87}},"140":{"start":{"line":141,"column":0},"end":{"line":141,"column":67}},"141":{"start":{"line":142,"column":0},"end":{"line":142,"column":98}},"142":{"start":{"line":143,"column":0},"end":{"line":143,"column":62}},"143":{"start":{"line":144,"column":0},"end":{"line":144,"column":63}},"144":{"start":{"line":145,"column":0},"end":{"line":145,"column":96}},"146":{"start":{"line":147,"column":0},"end":{"line":147,"column":22}},"147":{"start":{"line":148,"column":0},"end":{"line":148,"column":1}},"148":{"start":{"line":149,"column":0},"end":{"line":149,"column":102}},"149":{"start":{"line":150,"column":0},"end":{"line":150,"column":63}},"150":{"start":{"line":151,"column":0},"end":{"line":151,"column":14}},"151":{"start":{"line":152,"column":0},"end":{"line":152,"column":61}},"152":{"start":{"line":153,"column":0},"end":{"line":153,"column":61}},"153":{"start":{"line":154,"column":0},"end":{"line":154,"column":61}},"154":{"start":{"line":155,"column":0},"end":{"line":155,"column":60}},"155":{"start":{"line":156,"column":0},"end":{"line":156,"column":4}},"156":{"start":{"line":157,"column":0},"end":{"line":157,"column":32}},"157":{"start":{"line":158,"column":0},"end":{"line":158,"column":21}},"158":{"start":{"line":159,"column":0},"end":{"line":159,"column":49}},"159":{"start":{"line":160,"column":0},"end":{"line":160,"column":49}},"160":{"start":{"line":161,"column":0},"end":{"line":161,"column":49}},"161":{"start":{"line":162,"column":0},"end":{"line":162,"column":48}},"162":{"start":{"line":163,"column":0},"end":{"line":163,"column":4}},"163":{"start":{"line":164,"column":0},"end":{"line":164,"column":97}},"164":{"start":{"line":165,"column":0},"end":{"line":165,"column":3}},"165":{"start":{"line":166,"column":0},"end":{"line":166,"column":1}},"167":{"start":{"line":168,"column":0},"end":{"line":168,"column":69}},"168":{"start":{"line":169,"column":0},"end":{"line":169,"column":75}},"169":{"start":{"line":170,"column":0},"end":{"line":170,"column":48}},"171":{"start":{"line":172,"column":0},"end":{"line":172,"column":77}},"173":{"start":{"line":174,"column":0},"end":{"line":174,"column":40}},"174":{"start":{"line":175,"column":0},"end":{"line":175,"column":49}},"175":{"start":{"line":176,"column":0},"end":{"line":176,"column":29}},"177":{"start":{"line":178,"column":0},"end":{"line":178,"column":59}},"179":{"start":{"line":180,"column":0},"end":{"line":180,"column":22}},"180":{"start":{"line":181,"column":0},"end":{"line":181,"column":1}},"181":{"start":{"line":182,"column":0},"end":{"line":182,"column":38}},"182":{"start":{"line":183,"column":0},"end":{"line":183,"column":20}},"183":{"start":{"line":184,"column":0},"end":{"line":184,"column":107}},"184":{"start":{"line":185,"column":0},"end":{"line":185,"column":95}},"185":{"start":{"line":186,"column":0},"end":{"line":186,"column":3}},"186":{"start":{"line":187,"column":0},"end":{"line":187,"column":1}},"188":{"start":{"line":189,"column":0},"end":{"line":189,"column":64}},"189":{"start":{"line":190,"column":0},"end":{"line":190,"column":69}},"190":{"start":{"line":191,"column":0},"end":{"line":191,"column":37}},"191":{"start":{"line":192,"column":0},"end":{"line":192,"column":61}},"192":{"start":{"line":193,"column":0},"end":{"line":193,"column":16}},"194":{"start":{"line":195,"column":0},"end":{"line":195,"column":58}},"196":{"start":{"line":197,"column":0},"end":{"line":197,"column":68}},"197":{"start":{"line":198,"column":0},"end":{"line":198,"column":30}},"198":{"start":{"line":199,"column":0},"end":{"line":199,"column":19}},"199":{"start":{"line":200,"column":0},"end":{"line":200,"column":31}},"201":{"start":{"line":202,"column":0},"end":{"line":202,"column":22}},"202":{"start":{"line":203,"column":0},"end":{"line":203,"column":1}},"203":{"start":{"line":204,"column":0},"end":{"line":204,"column":26}},"204":{"start":{"line":205,"column":0},"end":{"line":205,"column":87}},"205":{"start":{"line":206,"column":0},"end":{"line":206,"column":89}},"206":{"start":{"line":207,"column":0},"end":{"line":207,"column":91}},"207":{"start":{"line":208,"column":0},"end":{"line":208,"column":64}},"208":{"start":{"line":209,"column":0},"end":{"line":209,"column":28}},"209":{"start":{"line":210,"column":0},"end":{"line":210,"column":38}},"210":{"start":{"line":211,"column":0},"end":{"line":211,"column":88}},"211":{"start":{"line":212,"column":0},"end":{"line":212,"column":79}},"212":{"start":{"line":213,"column":0},"end":{"line":213,"column":91}},"213":{"start":{"line":214,"column":0},"end":{"line":214,"column":84}},"214":{"start":{"line":215,"column":0},"end":{"line":215,"column":92}},"215":{"start":{"line":216,"column":0},"end":{"line":216,"column":3}},"216":{"start":{"line":217,"column":0},"end":{"line":217,"column":3}},"217":{"start":{"line":218,"column":0},"end":{"line":218,"column":1}},"219":{"start":{"line":220,"column":0},"end":{"line":220,"column":64}},"220":{"start":{"line":221,"column":0},"end":{"line":221,"column":57}},"221":{"start":{"line":222,"column":0},"end":{"line":222,"column":81}},"222":{"start":{"line":223,"column":0},"end":{"line":223,"column":20}},"223":{"start":{"line":224,"column":0},"end":{"line":224,"column":100}},"225":{"start":{"line":226,"column":0},"end":{"line":226,"column":85}},"227":{"start":{"line":228,"column":0},"end":{"line":228,"column":21}},"228":{"start":{"line":229,"column":0},"end":{"line":229,"column":59}},"229":{"start":{"line":230,"column":0},"end":{"line":230,"column":49}},"230":{"start":{"line":231,"column":0},"end":{"line":231,"column":52}},"231":{"start":{"line":232,"column":0},"end":{"line":232,"column":63}},"232":{"start":{"line":233,"column":0},"end":{"line":233,"column":44}},"233":{"start":{"line":234,"column":0},"end":{"line":234,"column":26}},"234":{"start":{"line":235,"column":0},"end":{"line":235,"column":47}},"235":{"start":{"line":236,"column":0},"end":{"line":236,"column":47}},"236":{"start":{"line":237,"column":0},"end":{"line":237,"column":83}},"237":{"start":{"line":238,"column":0},"end":{"line":238,"column":83}},"238":{"start":{"line":239,"column":0},"end":{"line":239,"column":60}},"240":{"start":{"line":241,"column":0},"end":{"line":241,"column":13}},"241":{"start":{"line":242,"column":0},"end":{"line":242,"column":14}},"243":{"start":{"line":244,"column":0},"end":{"line":244,"column":16}},"244":{"start":{"line":245,"column":0},"end":{"line":245,"column":10}},"246":{"start":{"line":247,"column":0},"end":{"line":247,"column":13}},"247":{"start":{"line":248,"column":0},"end":{"line":248,"column":55}},"248":{"start":{"line":249,"column":0},"end":{"line":249,"column":34}},"249":{"start":{"line":250,"column":0},"end":{"line":250,"column":50}},"250":{"start":{"line":251,"column":0},"end":{"line":251,"column":108}},"251":{"start":{"line":252,"column":0},"end":{"line":252,"column":100}},"253":{"start":{"line":254,"column":0},"end":{"line":254,"column":22}},"254":{"start":{"line":255,"column":0},"end":{"line":255,"column":1}},"255":{"start":{"line":256,"column":0},"end":{"line":256,"column":51}},"256":{"start":{"line":257,"column":0},"end":{"line":257,"column":3}},"257":{"start":{"line":258,"column":0},"end":{"line":258,"column":1}},"259":{"start":{"line":260,"column":0},"end":{"line":260,"column":18}},"261":{"start":{"line":262,"column":0},"end":{"line":262,"column":44}},"262":{"start":{"line":263,"column":0},"end":{"line":263,"column":55}},"263":{"start":{"line":264,"column":0},"end":{"line":264,"column":10}},"264":{"start":{"line":265,"column":0},"end":{"line":265,"column":137}},"265":{"start":{"line":266,"column":0},"end":{"line":266,"column":45}},"266":{"start":{"line":267,"column":0},"end":{"line":267,"column":14}},"267":{"start":{"line":268,"column":0},"end":{"line":268,"column":81}},"268":{"start":{"line":269,"column":0},"end":{"line":269,"column":74}},"269":{"start":{"line":270,"column":0},"end":{"line":270,"column":70}},"270":{"start":{"line":271,"column":0},"end":{"line":271,"column":77}},"271":{"start":{"line":272,"column":0},"end":{"line":272,"column":6}},"272":{"start":{"line":273,"column":0},"end":{"line":273,"column":17}},"273":{"start":{"line":274,"column":0},"end":{"line":274,"column":72}},"274":{"start":{"line":275,"column":0},"end":{"line":275,"column":75}},"275":{"start":{"line":276,"column":0},"end":{"line":276,"column":4}},"276":{"start":{"line":277,"column":0},"end":{"line":277,"column":1}},"278":{"start":{"line":279,"column":0},"end":{"line":279,"column":16}},"280":{"start":{"line":281,"column":0},"end":{"line":281,"column":38}},"281":{"start":{"line":282,"column":0},"end":{"line":282,"column":69}},"282":{"start":{"line":283,"column":0},"end":{"line":283,"column":38}},"283":{"start":{"line":284,"column":0},"end":{"line":284,"column":22}},"284":{"start":{"line":285,"column":0},"end":{"line":285,"column":35}},"285":{"start":{"line":286,"column":0},"end":{"line":286,"column":36}},"286":{"start":{"line":287,"column":0},"end":{"line":287,"column":26}},"287":{"start":{"line":288,"column":0},"end":{"line":288,"column":5}},"288":{"start":{"line":289,"column":0},"end":{"line":289,"column":26}},"289":{"start":{"line":290,"column":0},"end":{"line":290,"column":40}},"290":{"start":{"line":291,"column":0},"end":{"line":291,"column":43}},"291":{"start":{"line":292,"column":0},"end":{"line":292,"column":73}},"292":{"start":{"line":293,"column":0},"end":{"line":293,"column":4}},"293":{"start":{"line":294,"column":0},"end":{"line":294,"column":14}},"294":{"start":{"line":295,"column":0},"end":{"line":295,"column":1}},"296":{"start":{"line":297,"column":0},"end":{"line":297,"column":84}},"297":{"start":{"line":298,"column":0},"end":{"line":298,"column":75}},"298":{"start":{"line":299,"column":0},"end":{"line":299,"column":42}},"300":{"start":{"line":301,"column":0},"end":{"line":301,"column":89}},"301":{"start":{"line":302,"column":0},"end":{"line":302,"column":69}},"302":{"start":{"line":303,"column":0},"end":{"line":303,"column":3}},"303":{"start":{"line":304,"column":0},"end":{"line":304,"column":31}},"304":{"start":{"line":305,"column":0},"end":{"line":305,"column":115}},"305":{"start":{"line":306,"column":0},"end":{"line":306,"column":3}},"307":{"start":{"line":308,"column":0},"end":{"line":308,"column":30}},"308":{"start":{"line":309,"column":0},"end":{"line":309,"column":1}}},"s":{"0":1,"1":1,"2":1,"3":1,"5":1,"7":1,"8":1,"9":1,"11":1,"12":1,"13":1,"14":1,"15":1,"16":1,"17":1,"18":1,"19":1,"21":1,"22":1,"23":1,"24":1,"25":1,"26":1,"27":1,"28":1,"29":1,"30":1,"32":1,"34":1,"35":5,"36":5,"37":5,"38":5,"39":5,"40":5,"41":5,"42":5,"44":1,"45":4,"46":4,"47":4,"48":4,"49":4,"50":4,"51":4,"52":8,"53":8,"54":8,"55":5,"56":5,"57":8,"58":1,"59":1,"60":1,"62":1,"64":1,"65":1,"66":1,"67":1,"68":1,"69":1,"70":1,"71":1,"72":1,"73":1,"74":1,"75":1,"76":1,"77":1,"79":1,"80":1,"82":1,"83":1,"85":1,"86":1,"87":0,"88":0,"89":0,"90":1,"92":1,"93":1,"95":1,"97":1,"98":2,"99":2,"100":2,"102":2,"103":2,"104":2,"105":2,"106":2,"107":2,"108":2,"109":2,"110":2,"111":2,"112":2,"113":2,"114":2,"115":2,"116":2,"118":1,"119":1,"120":1,"122":1,"123":1,"124":0,"125":1,"127":1,"129":1,"130":1,"131":1,"132":1,"133":1,"134":1,"135":1,"137":1,"138":1,"139":1,"140":1,"141":1,"142":1,"143":1,"144":1,"146":1,"147":1,"148":1,"149":1,"150":1,"151":1,"152":1,"153":1,"154":1,"155":1,"156":1,"157":1,"158":1,"159":1,"160":1,"161":1,"162":1,"163":1,"164":1,"165":1,"167":1,"168":1,"169":1,"171":1,"173":1,"174":1,"175":1,"177":1,"179":1,"180":1,"181":1,"182":1,"183":1,"184":1,"185":1,"186":1,"188":1,"189":1,"190":1,"191":1,"192":1,"194":1,"196":1,"197":1,"198":1,"199":1,"201":1,"202":1,"203":1,"204":1,"205":1,"206":1,"207":1,"208":1,"209":1,"210":1,"211":1,"212":1,"213":1,"214":1,"215":1,"216":1,"217":1,"219":1,"220":1,"221":1,"222":1,"223":1,"225":1,"227":1,"228":1,"229":1,"230":1,"231":1,"232":1,"233":1,"234":1,"235":1,"236":1,"237":1,"238":1,"240":1,"241":1,"243":1,"244":1,"246":1,"247":1,"248":1,"249":1,"250":1,"251":1,"253":1,"254":1,"255":1,"256":1,"257":1,"259":1,"261":1,"262":2,"263":2,"264":2,"265":2,"266":2,"267":2,"268":2,"269":2,"270":2,"271":2,"272":2,"273":2,"274":2,"275":2,"276":2,"278":1,"280":1,"281":2,"282":2,"283":2,"284":2,"285":8,"286":8,"287":2,"288":2,"289":2,"290":2,"291":2,"292":2,"293":2,"294":2,"296":1,"297":0,"298":0,"300":0,"301":0,"302":0,"303":0,"304":0,"305":0,"307":0,"308":0},"branchMap":{"0":{"type":"branch","line":35,"loc":{"start":{"line":35,"column":7},"end":{"line":43,"column":1}},"locations":[{"start":{"line":35,"column":7},"end":{"line":43,"column":1}}]},"1":{"type":"branch","line":39,"loc":{"start":{"line":39,"column":19},"end":{"line":39,"column":32}},"locations":[{"start":{"line":39,"column":19},"end":{"line":39,"column":32}}]},"2":{"type":"branch","line":39,"loc":{"start":{"line":39,"column":34},"end":{"line":39,"column":62}},"locations":[{"start":{"line":39,"column":34},"end":{"line":39,"column":62}}]},"3":{"type":"branch","line":45,"loc":{"start":{"line":45,"column":7},"end":{"line":61,"column":1}},"locations":[{"start":{"line":45,"column":7},"end":{"line":61,"column":1}}]},"4":{"type":"branch","line":52,"loc":{"start":{"line":52,"column":44},"end":{"line":58,"column":3}},"locations":[{"start":{"line":52,"column":44},"end":{"line":58,"column":3}}]},"5":{"type":"branch","line":55,"loc":{"start":{"line":55,"column":6},"end":{"line":57,"column":5}},"locations":[{"start":{"line":55,"column":6},"end":{"line":57,"column":5}}]},"6":{"type":"branch","line":58,"loc":{"start":{"line":58,"column":2},"end":{"line":61,"column":1}},"locations":[{"start":{"line":58,"column":2},"end":{"line":61,"column":1}}]},"7":{"type":"branch","line":47,"loc":{"start":{"line":47,"column":15},"end":{"line":47,"column":21}},"locations":[{"start":{"line":47,"column":15},"end":{"line":47,"column":21}}]},"8":{"type":"branch","line":48,"loc":{"start":{"line":48,"column":23},"end":{"line":48,"column":68}},"locations":[{"start":{"line":48,"column":23},"end":{"line":48,"column":68}}]},"9":{"type":"branch","line":50,"loc":{"start":{"line":50,"column":25},"end":{"line":50,"column":89}},"locations":[{"start":{"line":50,"column":25},"end":{"line":50,"column":89}}]},"10":{"type":"branch","line":65,"loc":{"start":{"line":65,"column":7},"end":{"line":94,"column":1}},"locations":[{"start":{"line":65,"column":7},"end":{"line":94,"column":1}}]},"11":{"type":"branch","line":81,"loc":{"start":{"line":81,"column":18},"end":{"line":81,"column":46}},"locations":[{"start":{"line":81,"column":18},"end":{"line":81,"column":46}}]},"12":{"type":"branch","line":84,"loc":{"start":{"line":84,"column":13},"end":{"line":84,"column":55}},"locations":[{"start":{"line":84,"column":13},"end":{"line":84,"column":55}}]},"13":{"type":"branch","line":87,"loc":{"start":{"line":87,"column":30},"end":{"line":90,"column":3}},"locations":[{"start":{"line":87,"column":30},"end":{"line":90,"column":3}}]},"14":{"type":"branch","line":98,"loc":{"start":{"line":98,"column":7},"end":{"line":117,"column":1}},"locations":[{"start":{"line":98,"column":7},"end":{"line":117,"column":1}}]},"15":{"type":"branch","line":119,"loc":{"start":{"line":119,"column":7},"end":{"line":166,"column":1}},"locations":[{"start":{"line":119,"column":7},"end":{"line":166,"column":1}}]},"16":{"type":"branch","line":120,"loc":{"start":{"line":120,"column":32},"end":{"line":120,"column":54}},"locations":[{"start":{"line":120,"column":32},"end":{"line":120,"column":54}}]},"17":{"type":"branch","line":121,"loc":{"start":{"line":121,"column":39},"end":{"line":121,"column":44}},"locations":[{"start":{"line":121,"column":39},"end":{"line":121,"column":44}}]},"18":{"type":"branch","line":121,"loc":{"start":{"line":121,"column":63},"end":{"line":121,"column":71}},"locations":[{"start":{"line":121,"column":63},"end":{"line":121,"column":71}}]},"19":{"type":"branch","line":124,"loc":{"start":{"line":124,"column":4},"end":{"line":125,"column":91}},"locations":[{"start":{"line":124,"column":4},"end":{"line":125,"column":91}}]},"20":{"type":"branch","line":131,"loc":{"start":{"line":131,"column":32},"end":{"line":131,"column":44}},"locations":[{"start":{"line":131,"column":32},"end":{"line":131,"column":44}}]},"21":{"type":"branch","line":131,"loc":{"start":{"line":131,"column":82},"end":{"line":131,"column":94}},"locations":[{"start":{"line":131,"column":82},"end":{"line":131,"column":94}}]},"22":{"type":"branch","line":132,"loc":{"start":{"line":132,"column":41},"end":{"line":132,"column":53}},"locations":[{"start":{"line":132,"column":41},"end":{"line":132,"column":53}}]},"23":{"type":"branch","line":133,"loc":{"start":{"line":133,"column":33},"end":{"line":133,"column":45}},"locations":[{"start":{"line":133,"column":33},"end":{"line":133,"column":45}}]},"24":{"type":"branch","line":168,"loc":{"start":{"line":168,"column":7},"end":{"line":187,"column":1}},"locations":[{"start":{"line":168,"column":7},"end":{"line":187,"column":1}}]},"25":{"type":"branch","line":169,"loc":{"start":{"line":169,"column":39},"end":{"line":169,"column":44}},"locations":[{"start":{"line":169,"column":39},"end":{"line":169,"column":44}}]},"26":{"type":"branch","line":170,"loc":{"start":{"line":170,"column":41},"end":{"line":170,"column":47}},"locations":[{"start":{"line":170,"column":41},"end":{"line":170,"column":47}}]},"27":{"type":"branch","line":174,"loc":{"start":{"line":174,"column":34},"end":{"line":174,"column":39}},"locations":[{"start":{"line":174,"column":34},"end":{"line":174,"column":39}}]},"28":{"type":"branch","line":175,"loc":{"start":{"line":175,"column":37},"end":{"line":175,"column":48}},"locations":[{"start":{"line":175,"column":37},"end":{"line":175,"column":48}}]},"29":{"type":"branch","line":169,"loc":{"start":{"line":169,"column":51},"end":{"line":169,"column":73}},"locations":[{"start":{"line":169,"column":51},"end":{"line":169,"column":73}}]},"30":{"type":"branch","line":189,"loc":{"start":{"line":189,"column":7},"end":{"line":218,"column":1}},"locations":[{"start":{"line":189,"column":7},"end":{"line":218,"column":1}}]},"31":{"type":"branch","line":190,"loc":{"start":{"line":190,"column":49},"end":{"line":190,"column":68}},"locations":[{"start":{"line":190,"column":49},"end":{"line":190,"column":68}}]},"32":{"type":"branch","line":220,"loc":{"start":{"line":220,"column":7},"end":{"line":258,"column":1}},"locations":[{"start":{"line":220,"column":7},"end":{"line":258,"column":1}}]},"33":{"type":"branch","line":221,"loc":{"start":{"line":221,"column":36},"end":{"line":221,"column":41}},"locations":[{"start":{"line":221,"column":36},"end":{"line":221,"column":41}}]},"34":{"type":"branch","line":224,"loc":{"start":{"line":224,"column":46},"end":{"line":224,"column":71}},"locations":[{"start":{"line":224,"column":46},"end":{"line":224,"column":71}}]},"35":{"type":"branch","line":234,"loc":{"start":{"line":234,"column":21},"end":{"line":234,"column":25}},"locations":[{"start":{"line":234,"column":21},"end":{"line":234,"column":25}}]},"36":{"type":"branch","line":236,"loc":{"start":{"line":236,"column":37},"end":{"line":236,"column":42}},"locations":[{"start":{"line":236,"column":37},"end":{"line":236,"column":42}}]},"37":{"type":"branch","line":262,"loc":{"start":{"line":262,"column":7},"end":{"line":277,"column":1}},"locations":[{"start":{"line":262,"column":7},"end":{"line":277,"column":1}}]},"38":{"type":"branch","line":263,"loc":{"start":{"line":263,"column":32},"end":{"line":263,"column":54}},"locations":[{"start":{"line":263,"column":32},"end":{"line":263,"column":54}}]},"39":{"type":"branch","line":281,"loc":{"start":{"line":281,"column":7},"end":{"line":295,"column":1}},"locations":[{"start":{"line":281,"column":7},"end":{"line":295,"column":1}}]},"40":{"type":"branch","line":282,"loc":{"start":{"line":282,"column":42},"end":{"line":282,"column":67}},"locations":[{"start":{"line":282,"column":42},"end":{"line":282,"column":67}}]},"41":{"type":"branch","line":285,"loc":{"start":{"line":285,"column":19},"end":{"line":288,"column":3}},"locations":[{"start":{"line":285,"column":19},"end":{"line":288,"column":3}}]},"42":{"type":"branch","line":292,"loc":{"start":{"line":292,"column":44},"end":{"line":292,"column":72}},"locations":[{"start":{"line":292,"column":44},"end":{"line":292,"column":72}}]}},"b":{"0":[5],"1":[3],"2":[3],"3":[4],"4":[8],"5":[5],"6":[1],"7":[4],"8":[2],"9":[1],"10":[1],"11":[0],"12":[0],"13":[0],"14":[2],"15":[1],"16":[0],"17":[0],"18":[0],"19":[0],"20":[0],"21":[0],"22":[0],"23":[0],"24":[1],"25":[0],"26":[0],"27":[0],"28":[0],"29":[1],"30":[1],"31":[0],"32":[1],"33":[0],"34":[0],"35":[0],"36":[0],"37":[2],"38":[0],"39":[2],"40":[6],"41":[8],"42":[8]},"fnMap":{"0":{"name":"repairJson","decl":{"start":{"line":35,"column":7},"end":{"line":43,"column":1}},"loc":{"start":{"line":35,"column":7},"end":{"line":43,"column":1}},"line":35},"1":{"name":"safeJson","decl":{"start":{"line":45,"column":7},"end":{"line":61,"column":1}},"loc":{"start":{"line":45,"column":7},"end":{"line":61,"column":1}},"line":45},"2":{"name":"attempts","decl":{"start":{"line":50,"column":25},"end":{"line":50,"column":89}},"loc":{"start":{"line":50,"column":25},"end":{"line":50,"column":89}},"line":50},"3":{"name":"callAI","decl":{"start":{"line":65,"column":7},"end":{"line":94,"column":1}},"loc":{"start":{"line":65,"column":7},"end":{"line":94,"column":1}},"line":65},"4":{"name":"buildStartPrompt","decl":{"start":{"line":98,"column":7},"end":{"line":117,"column":1}},"loc":{"start":{"line":98,"column":7},"end":{"line":117,"column":1}},"line":98},"5":{"name":"buildQuestionPrompt","decl":{"start":{"line":119,"column":7},"end":{"line":166,"column":1}},"loc":{"start":{"line":119,"column":7},"end":{"line":166,"column":1}},"line":119},"6":{"name":"buildFeedbackPrompt","decl":{"start":{"line":168,"column":7},"end":{"line":187,"column":1}},"loc":{"start":{"line":168,"column":7},"end":{"line":187,"column":1}},"line":168},"7":{"name":"buildEndPrompt","decl":{"start":{"line":189,"column":7},"end":{"line":218,"column":1}},"loc":{"start":{"line":189,"column":7},"end":{"line":218,"column":1}},"line":189},"8":{"name":"buildChatPrompt","decl":{"start":{"line":220,"column":7},"end":{"line":258,"column":1}},"loc":{"start":{"line":220,"column":7},"end":{"line":258,"column":1}},"line":220},"9":{"name":"buildQuestionFallback","decl":{"start":{"line":262,"column":7},"end":{"line":277,"column":1}},"loc":{"start":{"line":262,"column":7},"end":{"line":277,"column":1}},"line":262},"10":{"name":"shuffleChoices","decl":{"start":{"line":281,"column":7},"end":{"line":295,"column":1}},"loc":{"start":{"line":281,"column":7},"end":{"line":295,"column":1}},"line":281},"11":{"name":"generateSingleQuestion","decl":{"start":{"line":297,"column":7},"end":{"line":309,"column":1}},"loc":{"start":{"line":297,"column":7},"end":{"line":309,"column":1}},"line":297}},"f":{"0":5,"1":4,"2":1,"3":1,"4":2,"5":1,"6":1,"7":1,"8":1,"9":2,"10":2,"11":0}}
,"/mnt/c/Users/djein/OneDrive/Documents/Senior-Classes/CSE-120/Project_Prototypes/Biology-Virus-AI-Game/public/script.js": {"path":"/mnt/c/Users/djein/OneDrive/Documents/Senior-Classes/CSE-120/Project_Prototypes/Biology-Virus-AI-Game/public/script.js","all":false,"statementMap":{"0":{"start":{"line":1,"column":0},"end":{"line":1,"column":181}},"2":{"start":{"line":3,"column":0},"end":{"line":3,"column":57}},"3":{"start":{"line":4,"column":0},"end":{"line":4,"column":13}},"4":{"start":{"line":5,"column":0},"end":{"line":5,"column":57}},"5":{"start":{"line":6,"column":0},"end":{"line":6,"column":20}},"6":{"start":{"line":7,"column":0},"end":{"line":7,"column":19}},"7":{"start":{"line":8,"column":0},"end":{"line":8,"column":18}},"8":{"start":{"line":9,"column":0},"end":{"line":9,"column":9}},"9":{"start":{"line":10,"column":0},"end":{"line":10,"column":17}},"10":{"start":{"line":11,"column":0},"end":{"line":11,"column":12}},"11":{"start":{"line":12,"column":0},"end":{"line":12,"column":14}},"12":{"start":{"line":13,"column":0},"end":{"line":13,"column":24}},"13":{"start":{"line":14,"column":0},"end":{"line":14,"column":23}},"14":{"start":{"line":15,"column":0},"end":{"line":15,"column":18}},"15":{"start":{"line":16,"column":0},"end":{"line":16,"column":21}},"16":{"start":{"line":17,"column":0},"end":{"line":17,"column":28}},"17":{"start":{"line":18,"column":0},"end":{"line":18,"column":2}},"19":{"start":{"line":20,"column":0},"end":{"line":20,"column":21}},"20":{"start":{"line":21,"column":0},"end":{"line":21,"column":18}},"21":{"start":{"line":22,"column":0},"end":{"line":22,"column":13}},"22":{"start":{"line":23,"column":0},"end":{"line":23,"column":12}},"23":{"start":{"line":24,"column":0},"end":{"line":24,"column":2}},"25":{"start":{"line":26,"column":0},"end":{"line":26,"column":57}},"26":{"start":{"line":27,"column":0},"end":{"line":27,"column":20}},"27":{"start":{"line":28,"column":0},"end":{"line":28,"column":57}},"28":{"start":{"line":29,"column":0},"end":{"line":29,"column":32}},"29":{"start":{"line":30,"column":0},"end":{"line":30,"column":82}},"30":{"start":{"line":31,"column":0},"end":{"line":31,"column":66}},"31":{"start":{"line":32,"column":0},"end":{"line":32,"column":1}},"33":{"start":{"line":34,"column":0},"end":{"line":34,"column":33}},"34":{"start":{"line":35,"column":0},"end":{"line":35,"column":69}},"35":{"start":{"line":36,"column":0},"end":{"line":36,"column":1}},"37":{"start":{"line":38,"column":0},"end":{"line":38,"column":34}},"38":{"start":{"line":39,"column":0},"end":{"line":39,"column":72}},"39":{"start":{"line":40,"column":0},"end":{"line":40,"column":1}},"41":{"start":{"line":42,"column":0},"end":{"line":42,"column":32}},"42":{"start":{"line":43,"column":0},"end":{"line":43,"column":66}},"43":{"start":{"line":44,"column":0},"end":{"line":44,"column":1}},"45":{"start":{"line":46,"column":0},"end":{"line":46,"column":33}},"46":{"start":{"line":47,"column":0},"end":{"line":47,"column":69}},"47":{"start":{"line":48,"column":0},"end":{"line":48,"column":1}},"49":{"start":{"line":50,"column":0},"end":{"line":50,"column":45}},"50":{"start":{"line":51,"column":0},"end":{"line":51,"column":98}},"51":{"start":{"line":52,"column":0},"end":{"line":52,"column":80}},"52":{"start":{"line":53,"column":0},"end":{"line":53,"column":92}},"53":{"start":{"line":54,"column":0},"end":{"line":54,"column":88}},"54":{"start":{"line":55,"column":0},"end":{"line":55,"column":87}},"55":{"start":{"line":56,"column":0},"end":{"line":56,"column":91}},"56":{"start":{"line":57,"column":0},"end":{"line":57,"column":139}},"57":{"start":{"line":58,"column":0},"end":{"line":58,"column":92}},"58":{"start":{"line":59,"column":0},"end":{"line":59,"column":98}},"59":{"start":{"line":60,"column":0},"end":{"line":60,"column":84}},"60":{"start":{"line":61,"column":0},"end":{"line":61,"column":1}},"62":{"start":{"line":63,"column":0},"end":{"line":63,"column":41}},"63":{"start":{"line":64,"column":0},"end":{"line":64,"column":18}},"64":{"start":{"line":65,"column":0},"end":{"line":65,"column":20}},"65":{"start":{"line":66,"column":0},"end":{"line":66,"column":16}},"66":{"start":{"line":67,"column":0},"end":{"line":67,"column":21}},"67":{"start":{"line":68,"column":0},"end":{"line":68,"column":25}},"68":{"start":{"line":69,"column":0},"end":{"line":69,"column":17}},"69":{"start":{"line":70,"column":0},"end":{"line":70,"column":1}},"71":{"start":{"line":72,"column":0},"end":{"line":72,"column":39}},"72":{"start":{"line":73,"column":0},"end":{"line":73,"column":53}},"73":{"start":{"line":74,"column":0},"end":{"line":74,"column":69}},"74":{"start":{"line":75,"column":0},"end":{"line":75,"column":1}},"76":{"start":{"line":77,"column":0},"end":{"line":77,"column":57}},"77":{"start":{"line":78,"column":0},"end":{"line":78,"column":12}},"78":{"start":{"line":79,"column":0},"end":{"line":79,"column":57}},"79":{"start":{"line":80,"column":0},"end":{"line":80,"column":35}},"80":{"start":{"line":81,"column":0},"end":{"line":81,"column":24}},"82":{"start":{"line":83,"column":0},"end":{"line":83,"column":7}},"83":{"start":{"line":84,"column":0},"end":{"line":84,"column":50}},"84":{"start":{"line":85,"column":0},"end":{"line":85,"column":27}},"86":{"start":{"line":87,"column":0},"end":{"line":87,"column":22}},"87":{"start":{"line":88,"column":0},"end":{"line":88,"column":40}},"88":{"start":{"line":89,"column":0},"end":{"line":89,"column":21}},"89":{"start":{"line":90,"column":0},"end":{"line":90,"column":13}},"90":{"start":{"line":91,"column":0},"end":{"line":91,"column":15}},"91":{"start":{"line":92,"column":0},"end":{"line":92,"column":49}},"92":{"start":{"line":93,"column":0},"end":{"line":93,"column":21}},"93":{"start":{"line":94,"column":0},"end":{"line":94,"column":3}},"94":{"start":{"line":95,"column":0},"end":{"line":95,"column":1}},"96":{"start":{"line":97,"column":0},"end":{"line":97,"column":35}},"97":{"start":{"line":98,"column":0},"end":{"line":98,"column":28}},"98":{"start":{"line":99,"column":0},"end":{"line":99,"column":78}},"99":{"start":{"line":100,"column":0},"end":{"line":100,"column":75}},"100":{"start":{"line":101,"column":0},"end":{"line":101,"column":74}},"101":{"start":{"line":102,"column":0},"end":{"line":102,"column":1}},"103":{"start":{"line":104,"column":0},"end":{"line":104,"column":31}},"104":{"start":{"line":105,"column":0},"end":{"line":105,"column":59}},"105":{"start":{"line":106,"column":0},"end":{"line":106,"column":60}},"106":{"start":{"line":107,"column":0},"end":{"line":107,"column":31}},"107":{"start":{"line":108,"column":0},"end":{"line":108,"column":34}},"108":{"start":{"line":109,"column":0},"end":{"line":109,"column":101}},"109":{"start":{"line":110,"column":0},"end":{"line":110,"column":5}},"111":{"start":{"line":112,"column":0},"end":{"line":112,"column":55}},"112":{"start":{"line":113,"column":0},"end":{"line":113,"column":54}},"113":{"start":{"line":114,"column":0},"end":{"line":114,"column":29}},"114":{"start":{"line":115,"column":0},"end":{"line":115,"column":32}},"115":{"start":{"line":116,"column":0},"end":{"line":116,"column":115}},"116":{"start":{"line":117,"column":0},"end":{"line":117,"column":5}},"117":{"start":{"line":118,"column":0},"end":{"line":118,"column":1}},"119":{"start":{"line":120,"column":0},"end":{"line":120,"column":30}},"120":{"start":{"line":121,"column":0},"end":{"line":121,"column":65}},"122":{"start":{"line":123,"column":0},"end":{"line":123,"column":32}},"123":{"start":{"line":124,"column":0},"end":{"line":124,"column":56}},"124":{"start":{"line":125,"column":0},"end":{"line":125,"column":23}},"125":{"start":{"line":126,"column":0},"end":{"line":126,"column":93}},"126":{"start":{"line":127,"column":0},"end":{"line":127,"column":3}},"128":{"start":{"line":129,"column":0},"end":{"line":129,"column":32}},"129":{"start":{"line":130,"column":0},"end":{"line":130,"column":54}},"130":{"start":{"line":131,"column":0},"end":{"line":131,"column":23}},"131":{"start":{"line":132,"column":0},"end":{"line":132,"column":107}},"132":{"start":{"line":133,"column":0},"end":{"line":133,"column":3}},"133":{"start":{"line":134,"column":0},"end":{"line":134,"column":1}},"135":{"start":{"line":136,"column":0},"end":{"line":136,"column":40}},"136":{"start":{"line":137,"column":0},"end":{"line":137,"column":28}},"137":{"start":{"line":138,"column":0},"end":{"line":138,"column":44}},"138":{"start":{"line":139,"column":0},"end":{"line":139,"column":119}},"139":{"start":{"line":140,"column":0},"end":{"line":140,"column":119}},"140":{"start":{"line":141,"column":0},"end":{"line":141,"column":118}},"141":{"start":{"line":142,"column":0},"end":{"line":142,"column":29}},"142":{"start":{"line":143,"column":0},"end":{"line":143,"column":39}},"143":{"start":{"line":144,"column":0},"end":{"line":144,"column":70}},"144":{"start":{"line":145,"column":0},"end":{"line":145,"column":38}},"145":{"start":{"line":146,"column":0},"end":{"line":146,"column":19}},"146":{"start":{"line":147,"column":0},"end":{"line":147,"column":43}},"147":{"start":{"line":148,"column":0},"end":{"line":148,"column":38}},"148":{"start":{"line":149,"column":0},"end":{"line":149,"column":5}},"149":{"start":{"line":150,"column":0},"end":{"line":150,"column":1}},"151":{"start":{"line":152,"column":0},"end":{"line":152,"column":38}},"152":{"start":{"line":153,"column":0},"end":{"line":153,"column":70}},"153":{"start":{"line":154,"column":0},"end":{"line":154,"column":69}},"154":{"start":{"line":155,"column":0},"end":{"line":155,"column":15}},"156":{"start":{"line":157,"column":0},"end":{"line":157,"column":7}},"157":{"start":{"line":158,"column":0},"end":{"line":158,"column":37}},"158":{"start":{"line":159,"column":0},"end":{"line":159,"column":39}},"159":{"start":{"line":160,"column":0},"end":{"line":160,"column":5}},"161":{"start":{"line":162,"column":0},"end":{"line":162,"column":85}},"162":{"start":{"line":163,"column":0},"end":{"line":163,"column":17}},"163":{"start":{"line":164,"column":0},"end":{"line":164,"column":37}},"164":{"start":{"line":165,"column":0},"end":{"line":165,"column":29}},"165":{"start":{"line":166,"column":0},"end":{"line":166,"column":13}},"166":{"start":{"line":167,"column":0},"end":{"line":167,"column":5}},"168":{"start":{"line":169,"column":0},"end":{"line":169,"column":108}},"169":{"start":{"line":170,"column":0},"end":{"line":170,"column":33}},"170":{"start":{"line":171,"column":0},"end":{"line":171,"column":25}},"171":{"start":{"line":172,"column":0},"end":{"line":172,"column":15}},"172":{"start":{"line":173,"column":0},"end":{"line":173,"column":21}},"173":{"start":{"line":174,"column":0},"end":{"line":174,"column":54}},"174":{"start":{"line":175,"column":0},"end":{"line":175,"column":37}},"175":{"start":{"line":176,"column":0},"end":{"line":176,"column":29}},"176":{"start":{"line":177,"column":0},"end":{"line":177,"column":3}},"177":{"start":{"line":178,"column":0},"end":{"line":178,"column":1}},"179":{"start":{"line":180,"column":0},"end":{"line":180,"column":38}},"180":{"start":{"line":181,"column":0},"end":{"line":181,"column":58}},"181":{"start":{"line":182,"column":0},"end":{"line":182,"column":60}},"182":{"start":{"line":183,"column":0},"end":{"line":183,"column":71}},"183":{"start":{"line":184,"column":0},"end":{"line":184,"column":71}},"184":{"start":{"line":185,"column":0},"end":{"line":185,"column":74}},"186":{"start":{"line":187,"column":0},"end":{"line":187,"column":65}},"187":{"start":{"line":188,"column":0},"end":{"line":188,"column":27}},"189":{"start":{"line":190,"column":0},"end":{"line":190,"column":42}},"190":{"start":{"line":191,"column":0},"end":{"line":191,"column":46}},"191":{"start":{"line":192,"column":0},"end":{"line":192,"column":33}},"192":{"start":{"line":193,"column":0},"end":{"line":193,"column":21}},"193":{"start":{"line":194,"column":0},"end":{"line":194,"column":47}},"194":{"start":{"line":195,"column":0},"end":{"line":195,"column":51}},"195":{"start":{"line":196,"column":0},"end":{"line":196,"column":6}},"196":{"start":{"line":197,"column":0},"end":{"line":197,"column":53}},"197":{"start":{"line":198,"column":0},"end":{"line":198,"column":31}},"198":{"start":{"line":199,"column":0},"end":{"line":199,"column":5}},"200":{"start":{"line":201,"column":0},"end":{"line":201,"column":69}},"201":{"start":{"line":202,"column":0},"end":{"line":202,"column":70}},"202":{"start":{"line":203,"column":0},"end":{"line":203,"column":30}},"203":{"start":{"line":204,"column":0},"end":{"line":204,"column":1}},"205":{"start":{"line":206,"column":0},"end":{"line":206,"column":47}},"206":{"start":{"line":207,"column":0},"end":{"line":207,"column":35}},"208":{"start":{"line":209,"column":0},"end":{"line":209,"column":34}},"209":{"start":{"line":210,"column":0},"end":{"line":210,"column":88}},"210":{"start":{"line":211,"column":0},"end":{"line":211,"column":34}},"211":{"start":{"line":212,"column":0},"end":{"line":212,"column":88}},"213":{"start":{"line":214,"column":0},"end":{"line":214,"column":70}},"214":{"start":{"line":215,"column":0},"end":{"line":215,"column":69}},"215":{"start":{"line":216,"column":0},"end":{"line":216,"column":66}},"217":{"start":{"line":218,"column":0},"end":{"line":218,"column":92}},"218":{"start":{"line":219,"column":0},"end":{"line":219,"column":36}},"219":{"start":{"line":220,"column":0},"end":{"line":220,"column":1}},"221":{"start":{"line":222,"column":0},"end":{"line":222,"column":57}},"222":{"start":{"line":223,"column":0},"end":{"line":223,"column":71}},"223":{"start":{"line":224,"column":0},"end":{"line":224,"column":82}},"224":{"start":{"line":225,"column":0},"end":{"line":225,"column":42}},"226":{"start":{"line":227,"column":0},"end":{"line":227,"column":7}},"227":{"start":{"line":228,"column":0},"end":{"line":228,"column":97}},"229":{"start":{"line":230,"column":0},"end":{"line":230,"column":34}},"230":{"start":{"line":231,"column":0},"end":{"line":231,"column":39}},"232":{"start":{"line":233,"column":0},"end":{"line":233,"column":41}},"234":{"start":{"line":235,"column":0},"end":{"line":235,"column":24}},"235":{"start":{"line":236,"column":0},"end":{"line":236,"column":21}},"236":{"start":{"line":237,"column":0},"end":{"line":237,"column":27}},"237":{"start":{"line":238,"column":0},"end":{"line":238,"column":23}},"238":{"start":{"line":239,"column":0},"end":{"line":239,"column":30}},"239":{"start":{"line":240,"column":0},"end":{"line":240,"column":59}},"240":{"start":{"line":241,"column":0},"end":{"line":241,"column":30}},"241":{"start":{"line":242,"column":0},"end":{"line":242,"column":20}},"242":{"start":{"line":243,"column":0},"end":{"line":243,"column":7}},"244":{"start":{"line":245,"column":0},"end":{"line":245,"column":85}},"246":{"start":{"line":247,"column":0},"end":{"line":247,"column":62}},"247":{"start":{"line":248,"column":0},"end":{"line":248,"column":66}},"249":{"start":{"line":250,"column":0},"end":{"line":250,"column":79}},"250":{"start":{"line":251,"column":0},"end":{"line":251,"column":91}},"252":{"start":{"line":253,"column":0},"end":{"line":253,"column":71}},"253":{"start":{"line":254,"column":0},"end":{"line":254,"column":72}},"254":{"start":{"line":255,"column":0},"end":{"line":255,"column":15}},"255":{"start":{"line":256,"column":0},"end":{"line":256,"column":21}},"257":{"start":{"line":258,"column":0},"end":{"line":258,"column":41}},"258":{"start":{"line":259,"column":0},"end":{"line":259,"column":24}},"259":{"start":{"line":260,"column":0},"end":{"line":260,"column":61}},"260":{"start":{"line":261,"column":0},"end":{"line":261,"column":84}},"261":{"start":{"line":262,"column":0},"end":{"line":262,"column":45}},"262":{"start":{"line":263,"column":0},"end":{"line":263,"column":7}},"264":{"start":{"line":265,"column":0},"end":{"line":265,"column":26}},"265":{"start":{"line":266,"column":0},"end":{"line":266,"column":96}},"266":{"start":{"line":267,"column":0},"end":{"line":267,"column":74}},"267":{"start":{"line":268,"column":0},"end":{"line":268,"column":83}},"268":{"start":{"line":269,"column":0},"end":{"line":269,"column":92}},"269":{"start":{"line":270,"column":0},"end":{"line":270,"column":6}},"270":{"start":{"line":271,"column":0},"end":{"line":271,"column":24}},"271":{"start":{"line":272,"column":0},"end":{"line":272,"column":78}},"272":{"start":{"line":273,"column":0},"end":{"line":273,"column":76}},"273":{"start":{"line":274,"column":0},"end":{"line":274,"column":69}},"274":{"start":{"line":275,"column":0},"end":{"line":275,"column":59}},"275":{"start":{"line":276,"column":0},"end":{"line":276,"column":6}},"277":{"start":{"line":278,"column":0},"end":{"line":278,"column":82}},"278":{"start":{"line":279,"column":0},"end":{"line":279,"column":100}},"279":{"start":{"line":280,"column":0},"end":{"line":280,"column":104}},"280":{"start":{"line":281,"column":0},"end":{"line":281,"column":109}},"281":{"start":{"line":282,"column":0},"end":{"line":282,"column":71}},"282":{"start":{"line":283,"column":0},"end":{"line":283,"column":72}},"283":{"start":{"line":284,"column":0},"end":{"line":284,"column":3}},"284":{"start":{"line":285,"column":0},"end":{"line":285,"column":1}},"286":{"start":{"line":287,"column":0},"end":{"line":287,"column":35}},"287":{"start":{"line":288,"column":0},"end":{"line":288,"column":69}},"289":{"start":{"line":290,"column":0},"end":{"line":290,"column":70}},"291":{"start":{"line":292,"column":0},"end":{"line":292,"column":23}},"292":{"start":{"line":293,"column":0},"end":{"line":293,"column":19}},"293":{"start":{"line":294,"column":0},"end":{"line":294,"column":11}},"294":{"start":{"line":295,"column":0},"end":{"line":295,"column":3}},"296":{"start":{"line":297,"column":0},"end":{"line":297,"column":32}},"297":{"start":{"line":298,"column":0},"end":{"line":298,"column":34}},"298":{"start":{"line":299,"column":0},"end":{"line":299,"column":24}},"299":{"start":{"line":300,"column":0},"end":{"line":300,"column":26}},"301":{"start":{"line":302,"column":0},"end":{"line":302,"column":76}},"302":{"start":{"line":303,"column":0},"end":{"line":303,"column":100}},"303":{"start":{"line":304,"column":0},"end":{"line":304,"column":59}},"304":{"start":{"line":305,"column":0},"end":{"line":305,"column":114}},"305":{"start":{"line":306,"column":0},"end":{"line":306,"column":33}},"306":{"start":{"line":307,"column":0},"end":{"line":307,"column":10}},"307":{"start":{"line":308,"column":0},"end":{"line":308,"column":24}},"308":{"start":{"line":309,"column":0},"end":{"line":309,"column":19}},"309":{"start":{"line":310,"column":0},"end":{"line":310,"column":3}},"310":{"start":{"line":311,"column":0},"end":{"line":311,"column":1}},"312":{"start":{"line":313,"column":0},"end":{"line":313,"column":43}},"313":{"start":{"line":314,"column":0},"end":{"line":314,"column":16}},"314":{"start":{"line":315,"column":0},"end":{"line":315,"column":21}},"315":{"start":{"line":316,"column":0},"end":{"line":316,"column":25}},"316":{"start":{"line":317,"column":0},"end":{"line":317,"column":17}},"317":{"start":{"line":318,"column":0},"end":{"line":318,"column":1}},"319":{"start":{"line":320,"column":0},"end":{"line":320,"column":38}},"320":{"start":{"line":321,"column":0},"end":{"line":321,"column":26}},"322":{"start":{"line":323,"column":0},"end":{"line":323,"column":79}},"323":{"start":{"line":324,"column":0},"end":{"line":324,"column":65}},"324":{"start":{"line":325,"column":0},"end":{"line":325,"column":59}},"325":{"start":{"line":326,"column":0},"end":{"line":326,"column":83}},"326":{"start":{"line":327,"column":0},"end":{"line":327,"column":99}},"328":{"start":{"line":329,"column":0},"end":{"line":329,"column":7}},"329":{"start":{"line":330,"column":0},"end":{"line":330,"column":97}},"331":{"start":{"line":332,"column":0},"end":{"line":332,"column":77}},"333":{"start":{"line":334,"column":0},"end":{"line":334,"column":59}},"334":{"start":{"line":335,"column":0},"end":{"line":335,"column":28}},"335":{"start":{"line":336,"column":0},"end":{"line":336,"column":45}},"336":{"start":{"line":337,"column":0},"end":{"line":337,"column":14}},"337":{"start":{"line":338,"column":0},"end":{"line":338,"column":49}},"338":{"start":{"line":339,"column":0},"end":{"line":339,"column":43}},"339":{"start":{"line":340,"column":0},"end":{"line":340,"column":27}},"340":{"start":{"line":341,"column":0},"end":{"line":341,"column":33}},"341":{"start":{"line":342,"column":0},"end":{"line":342,"column":7}},"342":{"start":{"line":343,"column":0},"end":{"line":343,"column":7}},"343":{"start":{"line":344,"column":0},"end":{"line":344,"column":44}},"344":{"start":{"line":345,"column":0},"end":{"line":345,"column":14}},"345":{"start":{"line":346,"column":0},"end":{"line":346,"column":49}},"346":{"start":{"line":347,"column":0},"end":{"line":347,"column":43}},"347":{"start":{"line":348,"column":0},"end":{"line":348,"column":27}},"348":{"start":{"line":349,"column":0},"end":{"line":349,"column":33}},"349":{"start":{"line":350,"column":0},"end":{"line":350,"column":7}},"350":{"start":{"line":351,"column":0},"end":{"line":351,"column":7}},"352":{"start":{"line":353,"column":0},"end":{"line":353,"column":48}},"353":{"start":{"line":354,"column":0},"end":{"line":354,"column":82}},"354":{"start":{"line":355,"column":0},"end":{"line":355,"column":60}},"355":{"start":{"line":356,"column":0},"end":{"line":356,"column":61}},"356":{"start":{"line":357,"column":0},"end":{"line":357,"column":85}},"357":{"start":{"line":358,"column":0},"end":{"line":358,"column":72}},"358":{"start":{"line":359,"column":0},"end":{"line":359,"column":74}},"359":{"start":{"line":360,"column":0},"end":{"line":360,"column":69}},"360":{"start":{"line":361,"column":0},"end":{"line":361,"column":6}},"362":{"start":{"line":363,"column":0},"end":{"line":363,"column":71}},"363":{"start":{"line":364,"column":0},"end":{"line":364,"column":72}},"364":{"start":{"line":365,"column":0},"end":{"line":365,"column":15}},"365":{"start":{"line":366,"column":0},"end":{"line":366,"column":21}},"366":{"start":{"line":367,"column":0},"end":{"line":367,"column":102}},"367":{"start":{"line":368,"column":0},"end":{"line":368,"column":71}},"368":{"start":{"line":369,"column":0},"end":{"line":369,"column":72}},"369":{"start":{"line":370,"column":0},"end":{"line":370,"column":3}},"370":{"start":{"line":371,"column":0},"end":{"line":371,"column":1}},"372":{"start":{"line":373,"column":0},"end":{"line":373,"column":31}},"373":{"start":{"line":374,"column":0},"end":{"line":374,"column":11}},"374":{"start":{"line":375,"column":0},"end":{"line":375,"column":21}},"375":{"start":{"line":376,"column":0},"end":{"line":376,"column":20}},"376":{"start":{"line":377,"column":0},"end":{"line":377,"column":11}},"377":{"start":{"line":378,"column":0},"end":{"line":378,"column":19}},"378":{"start":{"line":379,"column":0},"end":{"line":379,"column":14}},"379":{"start":{"line":380,"column":0},"end":{"line":380,"column":16}},"380":{"start":{"line":381,"column":0},"end":{"line":381,"column":26}},"381":{"start":{"line":382,"column":0},"end":{"line":382,"column":25}},"382":{"start":{"line":383,"column":0},"end":{"line":383,"column":19}},"383":{"start":{"line":384,"column":0},"end":{"line":384,"column":4}},"384":{"start":{"line":385,"column":0},"end":{"line":385,"column":70}},"385":{"start":{"line":386,"column":0},"end":{"line":386,"column":69}},"386":{"start":{"line":387,"column":0},"end":{"line":387,"column":19}},"387":{"start":{"line":388,"column":0},"end":{"line":388,"column":27}},"388":{"start":{"line":389,"column":0},"end":{"line":389,"column":23}},"389":{"start":{"line":390,"column":0},"end":{"line":390,"column":24}},"390":{"start":{"line":391,"column":0},"end":{"line":391,"column":1}},"392":{"start":{"line":393,"column":0},"end":{"line":393,"column":57}},"393":{"start":{"line":394,"column":0},"end":{"line":394,"column":7}},"394":{"start":{"line":395,"column":0},"end":{"line":395,"column":57}},"395":{"start":{"line":396,"column":0},"end":{"line":396,"column":33}},"396":{"start":{"line":397,"column":0},"end":{"line":397,"column":54}},"397":{"start":{"line":398,"column":0},"end":{"line":398,"column":30}},"398":{"start":{"line":399,"column":0},"end":{"line":399,"column":45}},"399":{"start":{"line":400,"column":0},"end":{"line":400,"column":48}},"400":{"start":{"line":401,"column":0},"end":{"line":401,"column":1}},"402":{"start":{"line":403,"column":0},"end":{"line":403,"column":34}},"403":{"start":{"line":404,"column":0},"end":{"line":404,"column":54}},"404":{"start":{"line":405,"column":0},"end":{"line":405,"column":33}},"405":{"start":{"line":406,"column":0},"end":{"line":406,"column":44}},"406":{"start":{"line":407,"column":0},"end":{"line":407,"column":1}},"408":{"start":{"line":409,"column":0},"end":{"line":409,"column":42}},"409":{"start":{"line":410,"column":0},"end":{"line":410,"column":54}},"410":{"start":{"line":411,"column":0},"end":{"line":411,"column":24}},"411":{"start":{"line":412,"column":0},"end":{"line":412,"column":23}},"412":{"start":{"line":413,"column":0},"end":{"line":413,"column":25}},"413":{"start":{"line":414,"column":0},"end":{"line":414,"column":26}},"414":{"start":{"line":415,"column":0},"end":{"line":415,"column":1}},"416":{"start":{"line":417,"column":0},"end":{"line":417,"column":38}},"417":{"start":{"line":418,"column":0},"end":{"line":418,"column":61}},"418":{"start":{"line":419,"column":0},"end":{"line":419,"column":65}},"419":{"start":{"line":420,"column":0},"end":{"line":420,"column":40}},"421":{"start":{"line":422,"column":0},"end":{"line":422,"column":73}},"422":{"start":{"line":423,"column":0},"end":{"line":423,"column":73}},"424":{"start":{"line":425,"column":0},"end":{"line":425,"column":38}},"425":{"start":{"line":426,"column":0},"end":{"line":426,"column":52}},"426":{"start":{"line":427,"column":0},"end":{"line":427,"column":55}},"428":{"start":{"line":429,"column":0},"end":{"line":429,"column":50}},"429":{"start":{"line":430,"column":0},"end":{"line":430,"column":43}},"430":{"start":{"line":431,"column":0},"end":{"line":431,"column":70}},"432":{"start":{"line":433,"column":0},"end":{"line":433,"column":49}},"433":{"start":{"line":434,"column":0},"end":{"line":434,"column":36}},"435":{"start":{"line":436,"column":0},"end":{"line":436,"column":34}},"436":{"start":{"line":437,"column":0},"end":{"line":437,"column":34}},"437":{"start":{"line":438,"column":0},"end":{"line":438,"column":37}},"438":{"start":{"line":439,"column":0},"end":{"line":439,"column":5}},"440":{"start":{"line":441,"column":0},"end":{"line":441,"column":47}},"441":{"start":{"line":442,"column":0},"end":{"line":442,"column":1}},"443":{"start":{"line":444,"column":0},"end":{"line":444,"column":44}},"444":{"start":{"line":445,"column":0},"end":{"line":445,"column":41}},"445":{"start":{"line":446,"column":0},"end":{"line":446,"column":23}},"446":{"start":{"line":447,"column":0},"end":{"line":447,"column":1}},"448":{"start":{"line":449,"column":0},"end":{"line":449,"column":34}},"449":{"start":{"line":450,"column":0},"end":{"line":450,"column":25}},"450":{"start":{"line":451,"column":0},"end":{"line":451,"column":12}},"451":{"start":{"line":452,"column":0},"end":{"line":452,"column":21}},"452":{"start":{"line":453,"column":0},"end":{"line":453,"column":38}},"453":{"start":{"line":454,"column":0},"end":{"line":454,"column":25}},"454":{"start":{"line":455,"column":0},"end":{"line":455,"column":38}},"455":{"start":{"line":456,"column":0},"end":{"line":456,"column":6}},"456":{"start":{"line":457,"column":0},"end":{"line":457,"column":3}},"458":{"start":{"line":459,"column":0},"end":{"line":459,"column":10}},"459":{"start":{"line":460,"column":0},"end":{"line":460,"column":43}},"460":{"start":{"line":461,"column":0},"end":{"line":461,"column":43}},"461":{"start":{"line":462,"column":0},"end":{"line":462,"column":47}},"462":{"start":{"line":463,"column":0},"end":{"line":463,"column":39}},"463":{"start":{"line":464,"column":0},"end":{"line":464,"column":39}},"464":{"start":{"line":465,"column":0},"end":{"line":465,"column":19}},"465":{"start":{"line":466,"column":0},"end":{"line":466,"column":36}},"466":{"start":{"line":467,"column":0},"end":{"line":467,"column":23}},"467":{"start":{"line":468,"column":0},"end":{"line":468,"column":44}},"468":{"start":{"line":469,"column":0},"end":{"line":469,"column":36}},"469":{"start":{"line":470,"column":0},"end":{"line":470,"column":4}},"470":{"start":{"line":471,"column":0},"end":{"line":471,"column":1}},"472":{"start":{"line":473,"column":0},"end":{"line":473,"column":41}},"473":{"start":{"line":474,"column":0},"end":{"line":474,"column":54}},"474":{"start":{"line":475,"column":0},"end":{"line":475,"column":66}},"475":{"start":{"line":476,"column":0},"end":{"line":476,"column":37}},"476":{"start":{"line":477,"column":0},"end":{"line":477,"column":23}},"478":{"start":{"line":479,"column":0},"end":{"line":479,"column":18}},"479":{"start":{"line":480,"column":0},"end":{"line":480,"column":34}},"480":{"start":{"line":481,"column":0},"end":{"line":481,"column":19}},"481":{"start":{"line":482,"column":0},"end":{"line":482,"column":24}},"482":{"start":{"line":483,"column":0},"end":{"line":483,"column":25}},"484":{"start":{"line":485,"column":0},"end":{"line":485,"column":7}},"485":{"start":{"line":486,"column":0},"end":{"line":486,"column":108}},"486":{"start":{"line":487,"column":0},"end":{"line":487,"column":75}},"487":{"start":{"line":488,"column":0},"end":{"line":488,"column":15}},"488":{"start":{"line":489,"column":0},"end":{"line":489,"column":21}},"489":{"start":{"line":490,"column":0},"end":{"line":490,"column":88}},"490":{"start":{"line":491,"column":0},"end":{"line":491,"column":13}},"491":{"start":{"line":492,"column":0},"end":{"line":492,"column":27}},"492":{"start":{"line":493,"column":0},"end":{"line":493,"column":28}},"493":{"start":{"line":494,"column":0},"end":{"line":494,"column":18}},"494":{"start":{"line":495,"column":0},"end":{"line":495,"column":3}},"495":{"start":{"line":496,"column":0},"end":{"line":496,"column":1}},"497":{"start":{"line":498,"column":0},"end":{"line":498,"column":33}},"498":{"start":{"line":499,"column":0},"end":{"line":499,"column":26}},"499":{"start":{"line":500,"column":0},"end":{"line":500,"column":25}},"501":{"start":{"line":502,"column":0},"end":{"line":502,"column":29}},"502":{"start":{"line":503,"column":0},"end":{"line":503,"column":87}},"503":{"start":{"line":504,"column":0},"end":{"line":504,"column":27}},"504":{"start":{"line":505,"column":0},"end":{"line":505,"column":86}},"505":{"start":{"line":506,"column":0},"end":{"line":506,"column":11}},"506":{"start":{"line":507,"column":0},"end":{"line":507,"column":3}},"508":{"start":{"line":509,"column":0},"end":{"line":509,"column":21}},"509":{"start":{"line":510,"column":0},"end":{"line":510,"column":26}},"510":{"start":{"line":511,"column":0},"end":{"line":511,"column":11}},"511":{"start":{"line":512,"column":0},"end":{"line":512,"column":3}},"513":{"start":{"line":514,"column":0},"end":{"line":514,"column":43}},"514":{"start":{"line":515,"column":0},"end":{"line":515,"column":32}},"515":{"start":{"line":516,"column":0},"end":{"line":516,"column":40}},"516":{"start":{"line":517,"column":0},"end":{"line":517,"column":37}},"518":{"start":{"line":519,"column":0},"end":{"line":519,"column":34}},"519":{"start":{"line":520,"column":0},"end":{"line":520,"column":24}},"520":{"start":{"line":521,"column":0},"end":{"line":521,"column":71}},"521":{"start":{"line":522,"column":0},"end":{"line":522,"column":71}},"522":{"start":{"line":523,"column":0},"end":{"line":523,"column":4}},"524":{"start":{"line":525,"column":0},"end":{"line":525,"column":40}},"525":{"start":{"line":526,"column":0},"end":{"line":526,"column":54}},"526":{"start":{"line":527,"column":0},"end":{"line":527,"column":61}},"527":{"start":{"line":528,"column":0},"end":{"line":528,"column":22}},"528":{"start":{"line":529,"column":0},"end":{"line":529,"column":4}},"530":{"start":{"line":531,"column":0},"end":{"line":531,"column":39}},"531":{"start":{"line":532,"column":0},"end":{"line":532,"column":60}},"532":{"start":{"line":533,"column":0},"end":{"line":533,"column":40}},"533":{"start":{"line":534,"column":0},"end":{"line":534,"column":102}},"534":{"start":{"line":535,"column":0},"end":{"line":535,"column":5}},"535":{"start":{"line":536,"column":0},"end":{"line":536,"column":4}},"537":{"start":{"line":538,"column":0},"end":{"line":538,"column":32}},"538":{"start":{"line":539,"column":0},"end":{"line":539,"column":25}},"539":{"start":{"line":540,"column":0},"end":{"line":540,"column":74}},"540":{"start":{"line":541,"column":0},"end":{"line":541,"column":104}},"541":{"start":{"line":542,"column":0},"end":{"line":542,"column":4}},"543":{"start":{"line":544,"column":0},"end":{"line":544,"column":25}},"544":{"start":{"line":545,"column":0},"end":{"line":545,"column":1}},"546":{"start":{"line":547,"column":0},"end":{"line":547,"column":18}},"547":{"start":{"line":548,"column":0},"end":{"line":548,"column":38}},"548":{"start":{"line":549,"column":0},"end":{"line":549,"column":54}},"549":{"start":{"line":550,"column":0},"end":{"line":550,"column":48}},"550":{"start":{"line":551,"column":0},"end":{"line":551,"column":39}},"552":{"start":{"line":553,"column":0},"end":{"line":553,"column":45}},"553":{"start":{"line":554,"column":0},"end":{"line":554,"column":30}},"554":{"start":{"line":555,"column":0},"end":{"line":555,"column":50}},"555":{"start":{"line":556,"column":0},"end":{"line":556,"column":49}},"557":{"start":{"line":558,"column":0},"end":{"line":558,"column":38}},"558":{"start":{"line":559,"column":0},"end":{"line":559,"column":36}},"559":{"start":{"line":560,"column":0},"end":{"line":560,"column":29}},"560":{"start":{"line":561,"column":0},"end":{"line":561,"column":30}},"561":{"start":{"line":562,"column":0},"end":{"line":562,"column":1}},"563":{"start":{"line":564,"column":0},"end":{"line":564,"column":35}},"564":{"start":{"line":565,"column":0},"end":{"line":565,"column":36}},"566":{"start":{"line":567,"column":0},"end":{"line":567,"column":54}},"567":{"start":{"line":568,"column":0},"end":{"line":568,"column":69}},"568":{"start":{"line":569,"column":0},"end":{"line":569,"column":70}},"569":{"start":{"line":570,"column":0},"end":{"line":570,"column":87}},"570":{"start":{"line":571,"column":0},"end":{"line":571,"column":85}},"572":{"start":{"line":573,"column":0},"end":{"line":573,"column":37}},"573":{"start":{"line":574,"column":0},"end":{"line":574,"column":35}},"574":{"start":{"line":575,"column":0},"end":{"line":575,"column":1}},"576":{"start":{"line":577,"column":0},"end":{"line":577,"column":32}},"577":{"start":{"line":578,"column":0},"end":{"line":578,"column":31}},"578":{"start":{"line":579,"column":0},"end":{"line":579,"column":1}},"580":{"start":{"line":581,"column":0},"end":{"line":581,"column":33}},"581":{"start":{"line":582,"column":0},"end":{"line":582,"column":54}},"582":{"start":{"line":583,"column":0},"end":{"line":583,"column":62}},"584":{"start":{"line":585,"column":0},"end":{"line":585,"column":14}},"585":{"start":{"line":586,"column":0},"end":{"line":586,"column":48}},"586":{"start":{"line":587,"column":0},"end":{"line":587,"column":53}},"587":{"start":{"line":588,"column":0},"end":{"line":588,"column":31}},"588":{"start":{"line":589,"column":0},"end":{"line":589,"column":26}},"589":{"start":{"line":590,"column":0},"end":{"line":590,"column":7}},"590":{"start":{"line":591,"column":0},"end":{"line":591,"column":7}},"591":{"start":{"line":592,"column":0},"end":{"line":592,"column":3}},"593":{"start":{"line":594,"column":0},"end":{"line":594,"column":15}},"594":{"start":{"line":595,"column":0},"end":{"line":595,"column":58}},"595":{"start":{"line":596,"column":0},"end":{"line":596,"column":3}},"597":{"start":{"line":598,"column":0},"end":{"line":598,"column":55}},"598":{"start":{"line":599,"column":0},"end":{"line":599,"column":55}},"599":{"start":{"line":600,"column":0},"end":{"line":600,"column":43}},"600":{"start":{"line":601,"column":0},"end":{"line":601,"column":35}},"601":{"start":{"line":602,"column":0},"end":{"line":602,"column":31}},"602":{"start":{"line":603,"column":0},"end":{"line":603,"column":5}},"603":{"start":{"line":604,"column":0},"end":{"line":604,"column":5}},"605":{"start":{"line":606,"column":0},"end":{"line":606,"column":23}},"606":{"start":{"line":607,"column":0},"end":{"line":607,"column":1}},"608":{"start":{"line":609,"column":0},"end":{"line":609,"column":38}},"609":{"start":{"line":610,"column":0},"end":{"line":610,"column":63}},"610":{"start":{"line":611,"column":0},"end":{"line":611,"column":1}},"612":{"start":{"line":613,"column":0},"end":{"line":613,"column":67}},"613":{"start":{"line":614,"column":0},"end":{"line":614,"column":36}},"614":{"start":{"line":615,"column":0},"end":{"line":615,"column":25}},"615":{"start":{"line":616,"column":0},"end":{"line":616,"column":79}},"616":{"start":{"line":617,"column":0},"end":{"line":617,"column":58}},"617":{"start":{"line":618,"column":0},"end":{"line":618,"column":63}},"618":{"start":{"line":619,"column":0},"end":{"line":619,"column":74}},"619":{"start":{"line":620,"column":0},"end":{"line":620,"column":5}},"620":{"start":{"line":621,"column":0},"end":{"line":621,"column":1}}},"s":{"0":1,"2":1,"3":1,"4":1,"5":1,"6":1,"7":1,"8":1,"9":1,"10":1,"11":1,"12":1,"13":1,"14":1,"15":1,"16":1,"17":1,"19":1,"20":1,"21":1,"22":1,"23":1,"25":1,"26":1,"27":1,"28":1,"29":32,"30":32,"31":32,"33":1,"34":2,"35":2,"37":1,"38":1,"39":1,"41":1,"42":2,"43":2,"45":1,"46":1,"47":1,"49":1,"50":1,"51":1,"52":1,"53":1,"54":1,"55":1,"56":1,"57":1,"58":1,"59":1,"60":1,"62":1,"63":0,"64":0,"65":0,"66":0,"67":0,"68":0,"69":0,"71":1,"72":4,"73":4,"74":4,"76":1,"77":1,"78":1,"79":1,"80":0,"82":0,"83":0,"84":0,"86":0,"87":0,"88":0,"89":0,"90":0,"91":0,"92":0,"93":0,"94":0,"96":1,"97":0,"98":0,"99":0,"100":0,"101":0,"103":1,"104":3,"105":3,"106":3,"107":21,"108":21,"109":3,"111":3,"112":3,"113":3,"114":9,"115":9,"116":3,"117":3,"119":1,"120":0,"122":0,"123":0,"124":0,"125":0,"126":0,"128":0,"129":0,"130":0,"131":0,"132":0,"133":0,"135":1,"136":0,"137":0,"138":0,"139":0,"140":0,"141":0,"142":0,"143":0,"144":0,"145":0,"146":0,"147":0,"148":0,"149":0,"151":1,"152":0,"153":0,"154":0,"156":0,"157":0,"158":0,"159":0,"161":0,"162":0,"163":0,"164":0,"165":0,"166":0,"168":0,"169":0,"170":0,"171":0,"172":0,"173":0,"174":0,"175":0,"176":0,"177":0,"179":1,"180":2,"181":2,"182":2,"183":2,"184":2,"186":2,"187":2,"189":2,"190":3,"191":3,"192":3,"193":3,"194":3,"195":3,"196":3,"197":3,"198":2,"200":2,"201":2,"202":2,"203":2,"205":1,"206":0,"208":0,"209":0,"210":0,"211":0,"213":0,"214":0,"215":0,"217":0,"218":0,"219":0,"221":1,"222":0,"223":0,"224":0,"226":0,"227":0,"229":0,"230":0,"232":0,"234":0,"235":0,"236":0,"237":0,"238":0,"239":0,"240":0,"241":0,"242":0,"244":0,"246":0,"247":0,"249":0,"250":0,"252":0,"253":0,"254":0,"255":0,"257":0,"258":0,"259":0,"260":0,"261":0,"262":0,"264":0,"265":0,"266":0,"267":0,"268":0,"269":0,"270":0,"271":0,"272":0,"273":0,"274":0,"275":0,"277":0,"278":0,"279":0,"280":0,"281":0,"282":0,"283":0,"284":0,"286":1,"287":0,"289":0,"291":0,"292":0,"293":0,"294":0,"296":0,"297":0,"298":0,"299":0,"301":0,"302":0,"303":0,"304":0,"305":0,"306":0,"307":0,"308":0,"309":0,"310":0,"312":1,"313":0,"314":0,"315":0,"316":0,"317":0,"319":1,"320":0,"322":0,"323":0,"324":0,"325":0,"326":0,"328":0,"329":0,"331":0,"333":0,"334":0,"335":0,"336":0,"337":0,"338":0,"339":0,"340":0,"341":0,"342":0,"343":0,"344":0,"345":0,"346":0,"347":0,"348":0,"349":0,"350":0,"352":0,"353":0,"354":0,"355":0,"356":0,"357":0,"358":0,"359":0,"360":0,"362":0,"363":0,"364":0,"365":0,"366":0,"367":0,"368":0,"369":0,"370":0,"372":1,"373":27,"374":27,"375":27,"376":27,"377":27,"378":27,"379":27,"380":27,"381":27,"382":27,"383":27,"384":27,"385":27,"386":27,"387":27,"388":27,"389":27,"390":27,"392":1,"393":1,"394":1,"395":1,"396":2,"397":2,"398":2,"399":2,"400":2,"402":1,"403":28,"404":28,"405":28,"406":28,"408":1,"409":27,"410":27,"411":27,"412":27,"413":27,"414":27,"416":1,"417":30,"418":30,"419":30,"421":30,"422":30,"424":30,"425":3,"426":3,"428":3,"429":3,"430":3,"432":3,"433":3,"435":3,"436":3,"437":3,"438":30,"440":30,"441":30,"443":1,"444":3,"445":3,"446":3,"448":1,"449":3,"450":3,"451":3,"452":3,"453":3,"454":3,"455":3,"456":3,"458":0,"459":0,"460":0,"461":0,"462":0,"463":0,"464":0,"465":0,"466":0,"467":0,"468":0,"469":0,"470":0,"472":1,"473":0,"474":0,"475":0,"476":0,"478":0,"479":0,"480":0,"481":0,"482":0,"484":0,"485":0,"486":0,"487":0,"488":0,"489":0,"490":0,"491":0,"492":0,"493":0,"494":0,"495":0,"497":1,"498":1,"499":1,"501":1,"502":0,"503":0,"504":0,"505":0,"506":0,"508":0,"509":0,"510":0,"511":0,"513":0,"514":0,"515":0,"516":0,"518":0,"519":0,"520":0,"521":0,"522":0,"524":0,"525":0,"526":0,"527":0,"528":0,"530":0,"531":0,"532":0,"533":0,"534":0,"535":0,"537":0,"538":0,"539":0,"540":0,"541":0,"543":0,"544":0,"546":1,"547":1,"548":0,"549":0,"550":0,"552":0,"553":0,"554":0,"555":0,"557":0,"558":0,"559":0,"560":0,"561":0,"563":1,"564":0,"566":0,"567":0,"568":0,"569":0,"570":0,"572":0,"573":0,"574":0,"576":1,"577":0,"578":0,"580":1,"581":0,"582":0,"584":0,"585":0,"586":0,"587":0,"588":0,"589":0,"590":0,"591":0,"593":0,"594":0,"595":0,"597":0,"598":0,"599":0,"600":0,"601":0,"602":0,"603":0,"605":0,"606":0,"608":1,"609":1,"610":1,"612":1,"613":1,"614":1,"615":1,"616":1,"617":1,"618":1,"619":1,"620":1},"branchMap":{"0":{"type":"branch","line":29,"loc":{"start":{"line":29,"column":7},"end":{"line":32,"column":1}},"locations":[{"start":{"line":29,"column":7},"end":{"line":32,"column":1}}]},"1":{"type":"branch","line":30,"loc":{"start":{"line":30,"column":47},"end":{"line":30,"column":80}},"locations":[{"start":{"line":30,"column":47},"end":{"line":30,"column":80}}]},"2":{"type":"branch","line":34,"loc":{"start":{"line":34,"column":7},"end":{"line":36,"column":1}},"locations":[{"start":{"line":34,"column":7},"end":{"line":36,"column":1}}]},"3":{"type":"branch","line":38,"loc":{"start":{"line":38,"column":7},"end":{"line":40,"column":1}},"locations":[{"start":{"line":38,"column":7},"end":{"line":40,"column":1}}]},"4":{"type":"branch","line":42,"loc":{"start":{"line":42,"column":7},"end":{"line":44,"column":1}},"locations":[{"start":{"line":42,"column":7},"end":{"line":44,"column":1}}]},"5":{"type":"branch","line":46,"loc":{"start":{"line":46,"column":7},"end":{"line":48,"column":1}},"locations":[{"start":{"line":46,"column":7},"end":{"line":48,"column":1}}]},"6":{"type":"branch","line":50,"loc":{"start":{"line":50,"column":7},"end":{"line":61,"column":1}},"locations":[{"start":{"line":50,"column":7},"end":{"line":61,"column":1}}]},"7":{"type":"branch","line":72,"loc":{"start":{"line":72,"column":7},"end":{"line":75,"column":1}},"locations":[{"start":{"line":72,"column":7},"end":{"line":75,"column":1}}]},"8":{"type":"branch","line":104,"loc":{"start":{"line":104,"column":7},"end":{"line":118,"column":1}},"locations":[{"start":{"line":104,"column":7},"end":{"line":118,"column":1}}]},"9":{"type":"branch","line":107,"loc":{"start":{"line":107,"column":18},"end":{"line":110,"column":3}},"locations":[{"start":{"line":107,"column":18},"end":{"line":110,"column":3}}]},"10":{"type":"branch","line":109,"loc":{"start":{"line":109,"column":52},"end":{"line":109,"column":60}},"locations":[{"start":{"line":109,"column":52},"end":{"line":109,"column":60}}]},"11":{"type":"branch","line":109,"loc":{"start":{"line":109,"column":83},"end":{"line":109,"column":94}},"locations":[{"start":{"line":109,"column":83},"end":{"line":109,"column":94}}]},"12":{"type":"branch","line":109,"loc":{"start":{"line":109,"column":95},"end":{"line":109,"column":99}},"locations":[{"start":{"line":109,"column":95},"end":{"line":109,"column":99}}]},"13":{"type":"branch","line":114,"loc":{"start":{"line":114,"column":16},"end":{"line":117,"column":3}},"locations":[{"start":{"line":114,"column":16},"end":{"line":117,"column":3}}]},"14":{"type":"branch","line":116,"loc":{"start":{"line":116,"column":58},"end":{"line":116,"column":66}},"locations":[{"start":{"line":116,"column":58},"end":{"line":116,"column":66}}]},"15":{"type":"branch","line":116,"loc":{"start":{"line":116,"column":97},"end":{"line":116,"column":108}},"locations":[{"start":{"line":116,"column":97},"end":{"line":116,"column":108}}]},"16":{"type":"branch","line":116,"loc":{"start":{"line":116,"column":109},"end":{"line":116,"column":113}},"locations":[{"start":{"line":116,"column":109},"end":{"line":116,"column":113}}]},"17":{"type":"branch","line":180,"loc":{"start":{"line":180,"column":7},"end":{"line":204,"column":1}},"locations":[{"start":{"line":180,"column":7},"end":{"line":204,"column":1}}]},"18":{"type":"branch","line":190,"loc":{"start":{"line":190,"column":16},"end":{"line":190,"column":21}},"locations":[{"start":{"line":190,"column":16},"end":{"line":190,"column":21}}]},"19":{"type":"branch","line":190,"loc":{"start":{"line":190,"column":31},"end":{"line":199,"column":3}},"locations":[{"start":{"line":190,"column":31},"end":{"line":199,"column":3}}]},"20":{"type":"branch","line":373,"loc":{"start":{"line":373,"column":7},"end":{"line":391,"column":1}},"locations":[{"start":{"line":373,"column":7},"end":{"line":391,"column":1}}]},"21":{"type":"branch","line":396,"loc":{"start":{"line":396,"column":7},"end":{"line":401,"column":1}},"locations":[{"start":{"line":396,"column":7},"end":{"line":401,"column":1}}]},"22":{"type":"branch","line":403,"loc":{"start":{"line":403,"column":7},"end":{"line":407,"column":1}},"locations":[{"start":{"line":403,"column":7},"end":{"line":407,"column":1}}]},"23":{"type":"branch","line":409,"loc":{"start":{"line":409,"column":7},"end":{"line":415,"column":1}},"locations":[{"start":{"line":409,"column":7},"end":{"line":415,"column":1}}]},"24":{"type":"branch","line":417,"loc":{"start":{"line":417,"column":7},"end":{"line":442,"column":1}},"locations":[{"start":{"line":417,"column":7},"end":{"line":442,"column":1}}]},"25":{"type":"branch","line":420,"loc":{"start":{"line":420,"column":33},"end":{"line":420,"column":40}},"locations":[{"start":{"line":420,"column":33},"end":{"line":420,"column":40}}]},"26":{"type":"branch","line":423,"loc":{"start":{"line":423,"column":54},"end":{"line":423,"column":62}},"locations":[{"start":{"line":423,"column":54},"end":{"line":423,"column":62}}]},"27":{"type":"branch","line":423,"loc":{"start":{"line":423,"column":63},"end":{"line":423,"column":72}},"locations":[{"start":{"line":423,"column":63},"end":{"line":423,"column":72}}]},"28":{"type":"branch","line":422,"loc":{"start":{"line":422,"column":54},"end":{"line":422,"column":71}},"locations":[{"start":{"line":422,"column":54},"end":{"line":422,"column":71}}]},"29":{"type":"branch","line":425,"loc":{"start":{"line":425,"column":28},"end":{"line":439,"column":3}},"locations":[{"start":{"line":425,"column":28},"end":{"line":439,"column":3}}]},"30":{"type":"branch","line":431,"loc":{"start":{"line":431,"column":55},"end":{"line":431,"column":69}},"locations":[{"start":{"line":431,"column":55},"end":{"line":431,"column":69}}]},"31":{"type":"branch","line":444,"loc":{"start":{"line":444,"column":7},"end":{"line":447,"column":1}},"locations":[{"start":{"line":444,"column":7},"end":{"line":447,"column":1}}]},"32":{"type":"branch","line":449,"loc":{"start":{"line":449,"column":7},"end":{"line":471,"column":1}},"locations":[{"start":{"line":449,"column":7},"end":{"line":471,"column":1}}]},"33":{"type":"branch","line":457,"loc":{"start":{"line":457,"column":2},"end":{"line":471,"column":1}},"locations":[{"start":{"line":457,"column":2},"end":{"line":471,"column":1}}]}},"b":{"0":[32],"1":[160],"2":[2],"3":[1],"4":[2],"5":[1],"6":[1],"7":[4],"8":[3],"9":[21],"10":[0],"11":[3],"12":[18],"13":[9],"14":[0],"15":[3],"16":[6],"17":[2],"18":[0],"19":[3],"20":[27],"21":[2],"22":[28],"23":[27],"24":[30],"25":[0],"26":[3],"27":[27],"28":[3],"29":[3],"30":[0],"31":[3],"32":[3],"33":[0]},"fnMap":{"0":{"name":"showScreen","decl":{"start":{"line":29,"column":7},"end":{"line":32,"column":1}},"loc":{"start":{"line":29,"column":7},"end":{"line":32,"column":1}},"line":29},"1":{"name":"openHowToPlay","decl":{"start":{"line":34,"column":7},"end":{"line":36,"column":1}},"loc":{"start":{"line":34,"column":7},"end":{"line":36,"column":1}},"line":34},"2":{"name":"closeHowToPlay","decl":{"start":{"line":38,"column":7},"end":{"line":40,"column":1}},"loc":{"start":{"line":38,"column":7},"end":{"line":40,"column":1}},"line":38},"3":{"name":"openBriefing","decl":{"start":{"line":42,"column":7},"end":{"line":44,"column":1}},"loc":{"start":{"line":42,"column":7},"end":{"line":44,"column":1}},"line":42},"4":{"name":"closeBriefing","decl":{"start":{"line":46,"column":7},"end":{"line":48,"column":1}},"loc":{"start":{"line":46,"column":7},"end":{"line":48,"column":1}},"line":46},"5":{"name":"populateBriefing","decl":{"start":{"line":50,"column":7},"end":{"line":61,"column":1}},"loc":{"start":{"line":50,"column":7},"end":{"line":61,"column":1}},"line":50},"6":{"name":"startGameFromBriefing","decl":{"start":{"line":63,"column":7},"end":{"line":70,"column":1}},"loc":{"start":{"line":63,"column":7},"end":{"line":70,"column":1}},"line":63},"7":{"name":"updateScore","decl":{"start":{"line":72,"column":7},"end":{"line":75,"column":1}},"loc":{"start":{"line":72,"column":7},"end":{"line":75,"column":1}},"line":72},"8":{"name":"startGame","decl":{"start":{"line":80,"column":7},"end":{"line":95,"column":1}},"loc":{"start":{"line":80,"column":7},"end":{"line":95,"column":1}},"line":80},"9":{"name":"populateSidebar","decl":{"start":{"line":97,"column":7},"end":{"line":102,"column":1}},"loc":{"start":{"line":97,"column":7},"end":{"line":102,"column":1}},"line":97},"10":{"name":"initDayDots","decl":{"start":{"line":104,"column":7},"end":{"line":118,"column":1}},"loc":{"start":{"line":104,"column":7},"end":{"line":118,"column":1}},"line":104},"11":{"name":"updateDots","decl":{"start":{"line":120,"column":7},"end":{"line":134,"column":1}},"loc":{"start":{"line":120,"column":7},"end":{"line":134,"column":1}},"line":120},"12":{"name":"prefetchDayQuestions","decl":{"start":{"line":136,"column":7},"end":{"line":150,"column":1}},"loc":{"start":{"line":136,"column":7},"end":{"line":150,"column":1}},"line":136},"13":{"name":"loadQuestion","decl":{"start":{"line":152,"column":7},"end":{"line":178,"column":1}},"loc":{"start":{"line":152,"column":7},"end":{"line":178,"column":1}},"line":152},"14":{"name":"renderQuestion","decl":{"start":{"line":180,"column":7},"end":{"line":204,"column":1}},"loc":{"start":{"line":180,"column":7},"end":{"line":204,"column":1}},"line":180},"15":{"name":"box.onclick","decl":{"start":{"line":197,"column":18},"end":{"line":197,"column":52}},"loc":{"start":{"line":197,"column":18},"end":{"line":197,"column":52}},"line":197},"16":{"name":"selectChoice","decl":{"start":{"line":206,"column":7},"end":{"line":220,"column":1}},"loc":{"start":{"line":206,"column":7},"end":{"line":220,"column":1}},"line":206},"17":{"name":"getFeedback","decl":{"start":{"line":222,"column":7},"end":{"line":285,"column":1}},"loc":{"start":{"line":222,"column":7},"end":{"line":285,"column":1}},"line":222},"18":{"name":"dismissFeedback","decl":{"start":{"line":287,"column":7},"end":{"line":311,"column":1}},"loc":{"start":{"line":287,"column":7},"end":{"line":311,"column":1}},"line":287},"19":{"name":"continueAfterTransition","decl":{"start":{"line":313,"column":7},"end":{"line":318,"column":1}},"loc":{"start":{"line":313,"column":7},"end":{"line":318,"column":1}},"line":313},"20":{"name":"showGameOver","decl":{"start":{"line":320,"column":7},"end":{"line":371,"column":1}},"loc":{"start":{"line":320,"column":7},"end":{"line":371,"column":1}},"line":320},"21":{"name":"restartGame","decl":{"start":{"line":373,"column":7},"end":{"line":391,"column":1}},"loc":{"start":{"line":373,"column":7},"end":{"line":391,"column":1}},"line":373},"22":{"name":"openChatPopup","decl":{"start":{"line":396,"column":7},"end":{"line":401,"column":1}},"loc":{"start":{"line":396,"column":7},"end":{"line":401,"column":1}},"line":396},"23":{"name":"closeChatPopup","decl":{"start":{"line":403,"column":7},"end":{"line":407,"column":1}},"loc":{"start":{"line":403,"column":7},"end":{"line":407,"column":1}},"line":403},"24":{"name":"resetChatPopupPosition","decl":{"start":{"line":409,"column":7},"end":{"line":415,"column":1}},"loc":{"start":{"line":409,"column":7},"end":{"line":415,"column":1}},"line":409},"25":{"name":"renderChatMessages","decl":{"start":{"line":417,"column":7},"end":{"line":442,"column":1}},"loc":{"start":{"line":417,"column":7},"end":{"line":442,"column":1}},"line":417},"26":{"name":"addChatMessage","decl":{"start":{"line":444,"column":7},"end":{"line":447,"column":1}},"loc":{"start":{"line":444,"column":7},"end":{"line":447,"column":1}},"line":444},"27":{"name":"getChatContext","decl":{"start":{"line":449,"column":7},"end":{"line":471,"column":1}},"loc":{"start":{"line":449,"column":7},"end":{"line":471,"column":1}},"line":449},"28":{"name":"sendChatMessage","decl":{"start":{"line":473,"column":7},"end":{"line":496,"column":1}},"loc":{"start":{"line":473,"column":7},"end":{"line":496,"column":1}},"line":473},"29":{"name":"toggleMic","decl":{"start":{"line":502,"column":7},"end":{"line":545,"column":1}},"loc":{"start":{"line":502,"column":7},"end":{"line":545,"column":1}},"line":502},"30":{"name":"startChatDrag","decl":{"start":{"line":548,"column":7},"end":{"line":562,"column":1}},"loc":{"start":{"line":548,"column":7},"end":{"line":562,"column":1}},"line":548},"31":{"name":"onChatDrag","decl":{"start":{"line":564,"column":7},"end":{"line":575,"column":1}},"loc":{"start":{"line":564,"column":7},"end":{"line":575,"column":1}},"line":564},"32":{"name":"stopChatDrag","decl":{"start":{"line":577,"column":7},"end":{"line":579,"column":1}},"loc":{"start":{"line":577,"column":7},"end":{"line":579,"column":1}},"line":577},"33":{"name":"initChatPopup","decl":{"start":{"line":581,"column":7},"end":{"line":607,"column":1}},"loc":{"start":{"line":581,"column":7},"end":{"line":607,"column":1}},"line":581}},"f":{"0":32,"1":2,"2":1,"3":2,"4":1,"5":1,"6":0,"7":4,"8":0,"9":0,"10":3,"11":0,"12":0,"13":0,"14":2,"15":0,"16":0,"17":0,"18":0,"19":0,"20":0,"21":27,"22":2,"23":28,"24":27,"25":30,"26":3,"27":3,"28":0,"29":0,"30":0,"31":0,"32":0,"33":0}}
}
